2025-08-12T19:11:29+00:00 NOTICE Start search for hoa CONTEXT: {"_legacy":true}
2025-08-12T19:11:29+00:00 NOTICE Execution time 0 0.0834783 CONTEXT: {"_legacy":true}
2025-08-12T19:11:29+00:00 NOTICE Tokens Array
(
    [0] => hoa
)
 CONTEXT: {"_legacy":true}
2025-08-12T19:11:29+00:00 NOTICE Execution time 1 0.1327585 CONTEXT: {"_legacy":true}
2025-08-12T19:11:29+00:00 NOTICE Execution time 0.1337729 CONTEXT: {"_legacy":true}
2025-08-12T19:11:30+00:00 NOTICE Start search for hoa CONTEXT: {"_legacy":true}
2025-08-12T19:11:30+00:00 NOTICE Execution time 0 0.0050438 CONTEXT: {"_legacy":true}
2025-08-12T19:11:30+00:00 NOTICE Tokens Array
(
    [0] => hoa
)
 CONTEXT: {"_legacy":true}
2025-08-12T19:11:30+00:00 NOTICE Execution time 1 0.0086485 CONTEXT: {"_legacy":true}
2025-08-12T19:11:30+00:00 NOTICE Execution time 0.0102493 CONTEXT: {"_legacy":true}
2025-08-12T19:11:39+00:00 NOTICE Start search for hoa CONTEXT: {"_legacy":true}
2025-08-12T19:11:39+00:00 NOTICE Execution time 0 0.0028612 CONTEXT: {"_legacy":true}
2025-08-12T19:11:39+00:00 NOTICE Tokens Array
(
    [0] => hoa
)
 CONTEXT: {"_legacy":true}
2025-08-12T19:11:39+00:00 NOTICE Execution time 1 0.0051645 CONTEXT: {"_legacy":true}
2025-08-12T19:11:39+00:00 NOTICE Execution time 0.0057517 CONTEXT: {"_legacy":true}
2025-08-12T19:11:45+00:00 NOTICE Start search for cây hoa CONTEXT: {"_legacy":true}
2025-08-12T19:11:45+00:00 NOTICE Execution time 0 0.0042257 CONTEXT: {"_legacy":true}
2025-08-12T19:11:45+00:00 NOTICE Tokens Array
(
    [0] => cây
    [1] => hoa
)
 CONTEXT: {"_legacy":true}
2025-08-12T19:11:45+00:00 NOTICE Execution time 1 0.0086127 CONTEXT: {"_legacy":true}
2025-08-12T19:11:45+00:00 NOTICE Execution time 0.0093501 CONTEXT: {"_legacy":true}
2025-08-12T19:11:47+00:00 NOTICE Start search for cây hoa CONTEXT: {"_legacy":true}
2025-08-12T19:11:47+00:00 NOTICE Execution time 0 0.002069 CONTEXT: {"_legacy":true}
2025-08-12T19:11:47+00:00 NOTICE Tokens Array
(
    [0] => cây
    [1] => hoa
)
 CONTEXT: {"_legacy":true}
2025-08-12T19:11:47+00:00 NOTICE Execution time 1 0.0062016 CONTEXT: {"_legacy":true}
2025-08-12T19:11:47+00:00 NOTICE Execution time 0.006853 CONTEXT: {"_legacy":true}
2025-08-12T19:12:08+00:00 NOTICE Start search for cây hoa CONTEXT: {"_legacy":true}
2025-08-12T19:12:08+00:00 NOTICE Execution time 0 0.0031966 CONTEXT: {"_legacy":true}
2025-08-12T19:12:08+00:00 NOTICE Tokens Array
(
    [0] => cây
    [1] => hoa
)
 CONTEXT: {"_legacy":true}
2025-08-12T19:12:08+00:00 NOTICE Execution time 1 0.0069605 CONTEXT: {"_legacy":true}
2025-08-12T19:12:08+00:00 NOTICE Execution time 0.0079894 CONTEXT: {"_legacy":true}
2025-08-12T19:14:22+00:00 NOTICE Start search for cây hoa CONTEXT: {"_legacy":true}
2025-08-12T19:14:22+00:00 NOTICE Execution time 0 0.0030648 CONTEXT: {"_legacy":true}
2025-08-12T19:14:22+00:00 NOTICE Tokens Array
(
    [0] => cây
    [1] => hoa
)
 CONTEXT: {"_legacy":true}
2025-08-12T19:14:22+00:00 NOTICE Execution time 1 0.0094789 CONTEXT: {"_legacy":true}
2025-08-12T19:14:22+00:00 NOTICE Execution time 0.0186613 CONTEXT: {"_legacy":true}
2025-08-12T19:14:29+00:00 NOTICE Start search for hoa CONTEXT: {"_legacy":true}
2025-08-12T19:14:29+00:00 NOTICE Execution time 0 0.002594 CONTEXT: {"_legacy":true}
2025-08-12T19:14:29+00:00 NOTICE Tokens Array
(
    [0] => hoa
)
 CONTEXT: {"_legacy":true}
2025-08-12T19:14:29+00:00 NOTICE Execution time 1 0.0046381 CONTEXT: {"_legacy":true}
2025-08-12T19:14:29+00:00 NOTICE Execution time 0.0056893 CONTEXT: {"_legacy":true}
2025-08-12T19:14:30+00:00 NOTICE Start search for hoa CONTEXT: {"_legacy":true}
2025-08-12T19:14:30+00:00 NOTICE Execution time 0 0.0045628 CONTEXT: {"_legacy":true}
2025-08-12T19:14:30+00:00 NOTICE Tokens Array
(
    [0] => hoa
)
 CONTEXT: {"_legacy":true}
2025-08-12T19:14:30+00:00 NOTICE Execution time 1 0.0078023 CONTEXT: {"_legacy":true}
2025-08-12T19:14:30+00:00 NOTICE Execution time 0.0108791 CONTEXT: {"_legacy":true}
2025-08-12T19:14:58+00:00 NOTICE Start search for hoa CONTEXT: {"_legacy":true}
2025-08-12T19:14:58+00:00 NOTICE Execution time 0 0.0035036 CONTEXT: {"_legacy":true}
2025-08-12T19:14:58+00:00 NOTICE Tokens Array
(
    [0] => hoa
)
 CONTEXT: {"_legacy":true}
2025-08-12T19:14:58+00:00 NOTICE Execution time 1 0.0058194 CONTEXT: {"_legacy":true}
2025-08-12T19:14:58+00:00 NOTICE Execution time 0.007288 CONTEXT: {"_legacy":true}
2025-08-12T20:10:26+00:00 NOTICE Start search for tạp dề CONTEXT: {"_legacy":true}
2025-08-12T20:10:26+00:00 NOTICE Execution time 0 0.1677772 CONTEXT: {"_legacy":true}
2025-08-12T20:10:26+00:00 NOTICE Tokens Array
(
    [0] => tạp
    [1] => dề
)
 CONTEXT: {"_legacy":true}
2025-08-12T20:10:26+00:00 NOTICE Execution time 1 0.2043334 CONTEXT: {"_legacy":true}
2025-08-12T20:10:26+00:00 NOTICE Execution time 0.2098687 CONTEXT: {"_legacy":true}
2025-08-12T20:10:28+00:00 NOTICE Start search for tạp dề CONTEXT: {"_legacy":true}
2025-08-12T20:10:28+00:00 NOTICE Execution time 0 0.0115294 CONTEXT: {"_legacy":true}
2025-08-12T20:10:28+00:00 NOTICE Tokens Array
(
    [0] => tạp
    [1] => dề
)
 CONTEXT: {"_legacy":true}
2025-08-12T20:10:28+00:00 NOTICE Execution time 1 0.0187115 CONTEXT: {"_legacy":true}
2025-08-12T20:10:28+00:00 NOTICE Execution time 0.0217089 CONTEXT: {"_legacy":true}
2025-08-12T20:10:36+00:00 NOTICE Start search for tạp dề CONTEXT: {"_legacy":true}
2025-08-12T20:10:36+00:00 NOTICE Execution time 0 0.0048898 CONTEXT: {"_legacy":true}
2025-08-12T20:10:36+00:00 NOTICE Tokens Array
(
    [0] => tạp
    [1] => dề
)
 CONTEXT: {"_legacy":true}
2025-08-12T20:10:36+00:00 NOTICE Execution time 1 0.0101972 CONTEXT: {"_legacy":true}
2025-08-12T20:10:36+00:00 NOTICE Execution time 0.0119088 CONTEXT: {"_legacy":true}
2025-08-12T20:14:47+00:00 NOTICE Start search for cây hoa CONTEXT: {"_legacy":true}
2025-08-12T20:14:47+00:00 NOTICE Execution time 0 0.0085459 CONTEXT: {"_legacy":true}
2025-08-12T20:14:47+00:00 NOTICE Tokens Array
(
    [0] => cây
    [1] => hoa
)
 CONTEXT: {"_legacy":true}
2025-08-12T20:14:47+00:00 NOTICE Execution time 1 0.0150113 CONTEXT: {"_legacy":true}
2025-08-12T20:14:47+00:00 NOTICE Execution time 0.0165665 CONTEXT: {"_legacy":true}
2025-08-12T20:14:48+00:00 NOTICE Start search for cây hoa CONTEXT: {"_legacy":true}
2025-08-12T20:14:48+00:00 NOTICE Execution time 0 0.010101 CONTEXT: {"_legacy":true}
2025-08-12T20:14:48+00:00 NOTICE Tokens Array
(
    [0] => cây
    [1] => hoa
)
 CONTEXT: {"_legacy":true}
2025-08-12T20:14:48+00:00 NOTICE Execution time 1 0.0150676 CONTEXT: {"_legacy":true}
2025-08-12T20:14:48+00:00 NOTICE Execution time 0.0165199 CONTEXT: {"_legacy":true}
2025-08-12T20:15:37+00:00 NOTICE Start search for hoa CONTEXT: {"_legacy":true}
2025-08-12T20:15:37+00:00 NOTICE Execution time 0 0.0048562 CONTEXT: {"_legacy":true}
2025-08-12T20:15:37+00:00 NOTICE Tokens Array
(
    [0] => hoa
)
 CONTEXT: {"_legacy":true}
2025-08-12T20:15:37+00:00 NOTICE Execution time 1 0.007087 CONTEXT: {"_legacy":true}
2025-08-12T20:15:37+00:00 NOTICE Execution time 0.0081319 CONTEXT: {"_legacy":true}
2025-08-12T20:15:38+00:00 NOTICE Start search for hoa CONTEXT: {"_legacy":true}
2025-08-12T20:15:38+00:00 NOTICE Execution time 0 0.0082838 CONTEXT: {"_legacy":true}
2025-08-12T20:15:38+00:00 NOTICE Tokens Array
(
    [0] => hoa
)
 CONTEXT: {"_legacy":true}
2025-08-12T20:15:38+00:00 NOTICE Execution time 1 0.0138331 CONTEXT: {"_legacy":true}
2025-08-12T20:15:38+00:00 NOTICE Execution time 0.0161708 CONTEXT: {"_legacy":true}
2025-08-12T20:23:44+00:00 NOTICE Start search for hoa CONTEXT: {"_legacy":true}
2025-08-12T20:23:44+00:00 NOTICE Execution time 0 0.0113874 CONTEXT: {"_legacy":true}
2025-08-12T20:23:44+00:00 NOTICE Tokens Array
(
    [0] => hoa
)
 CONTEXT: {"_legacy":true}
2025-08-12T20:23:44+00:00 NOTICE Execution time 1 0.0159764 CONTEXT: {"_legacy":true}
2025-08-12T20:23:44+00:00 NOTICE Execution time 0.0171857 CONTEXT: {"_legacy":true}
2025-08-12T20:23:51+00:00 NOTICE Start search for cây hoa CONTEXT: {"_legacy":true}
2025-08-12T20:23:51+00:00 NOTICE Execution time 0 0.009422 CONTEXT: {"_legacy":true}
2025-08-12T20:23:51+00:00 NOTICE Tokens Array
(
    [0] => cây
    [1] => hoa
)
 CONTEXT: {"_legacy":true}
2025-08-12T20:23:51+00:00 NOTICE Execution time 1 0.0166939 CONTEXT: {"_legacy":true}
2025-08-12T20:23:51+00:00 NOTICE Execution time 0.0191643 CONTEXT: {"_legacy":true}
2025-08-12T20:23:52+00:00 NOTICE Start search for cây hoa CONTEXT: {"_legacy":true}
2025-08-12T20:23:52+00:00 NOTICE Execution time 0 0.0070716 CONTEXT: {"_legacy":true}
2025-08-12T20:23:52+00:00 NOTICE Tokens Array
(
    [0] => cây
    [1] => hoa
)
 CONTEXT: {"_legacy":true}
2025-08-12T20:23:52+00:00 NOTICE Execution time 1 0.0136096 CONTEXT: {"_legacy":true}
2025-08-12T20:23:52+00:00 NOTICE Execution time 0.0157223 CONTEXT: {"_legacy":true}
2025-08-12T20:24:24+00:00 NOTICE Start search for cây lưỡi hổ CONTEXT: {"_legacy":true}
2025-08-12T20:24:24+00:00 NOTICE Execution time 0 0.0073173 CONTEXT: {"_legacy":true}
2025-08-12T20:24:24+00:00 NOTICE Tokens Array
(
    [0] => lưỡi
    [1] => cây
    [2] => hổ
)
 CONTEXT: {"_legacy":true}
2025-08-12T20:24:24+00:00 NOTICE Execution time 1 0.0120947 CONTEXT: {"_legacy":true}
2025-08-12T20:24:24+00:00 NOTICE Execution time 0.0139954 CONTEXT: {"_legacy":true}
2025-08-12T20:24:25+00:00 NOTICE Start search for cây lưỡi hổ CONTEXT: {"_legacy":true}
2025-08-12T20:24:25+00:00 NOTICE Execution time 0 0.0076004 CONTEXT: {"_legacy":true}
2025-08-12T20:24:25+00:00 NOTICE Tokens Array
(
    [0] => lưỡi
    [1] => cây
    [2] => hổ
)
 CONTEXT: {"_legacy":true}
2025-08-12T20:24:25+00:00 NOTICE Execution time 1 0.0137545 CONTEXT: {"_legacy":true}
2025-08-12T20:24:25+00:00 NOTICE Execution time 0.0160787 CONTEXT: {"_legacy":true}
2025-08-12T20:24:53+00:00 NOTICE Start search for tạp dề làm vườn CONTEXT: {"_legacy":true}
2025-08-12T20:24:53+00:00 NOTICE Execution time 0 0.0054584 CONTEXT: {"_legacy":true}
2025-08-12T20:24:53+00:00 NOTICE Tokens Array
(
    [0] => vườn
    [1] => tạp
    [2] => dề
    [3] => làm
)
 CONTEXT: {"_legacy":true}
2025-08-12T20:24:53+00:00 NOTICE Execution time 1 0.0136643 CONTEXT: {"_legacy":true}
2025-08-12T20:24:53+00:00 NOTICE Execution time 0.0181692 CONTEXT: {"_legacy":true}
2025-08-12T20:24:54+00:00 NOTICE Start search for tạp dề làm vườn CONTEXT: {"_legacy":true}
2025-08-12T20:24:54+00:00 NOTICE Execution time 0 0.0074566 CONTEXT: {"_legacy":true}
2025-08-12T20:24:54+00:00 NOTICE Tokens Array
(
    [0] => vườn
    [1] => tạp
    [2] => dề
    [3] => làm
)
 CONTEXT: {"_legacy":true}
2025-08-12T20:24:54+00:00 NOTICE Execution time 1 0.0160746 CONTEXT: {"_legacy":true}
2025-08-12T20:24:54+00:00 NOTICE Execution time 0.0212016 CONTEXT: {"_legacy":true}
2025-08-12T20:25:19+00:00 NOTICE Start search for tạp dề làm vườn CONTEXT: {"_legacy":true}
2025-08-12T20:25:19+00:00 NOTICE Execution time 0 0.0094181 CONTEXT: {"_legacy":true}
2025-08-12T20:25:19+00:00 NOTICE Tokens Array
(
    [0] => vườn
    [1] => tạp
    [2] => dề
    [3] => làm
)
 CONTEXT: {"_legacy":true}
2025-08-12T20:25:19+00:00 NOTICE Execution time 1 0.016387 CONTEXT: {"_legacy":true}
2025-08-12T20:25:19+00:00 NOTICE Execution time 0.0185432 CONTEXT: {"_legacy":true}
2025-08-12T20:25:20+00:00 NOTICE Start search for tạp dề làm vườn CONTEXT: {"_legacy":true}
2025-08-12T20:25:20+00:00 NOTICE Execution time 0 0.0083889 CONTEXT: {"_legacy":true}
2025-08-12T20:25:20+00:00 NOTICE Tokens Array
(
    [0] => vườn
    [1] => tạp
    [2] => dề
    [3] => làm
)
 CONTEXT: {"_legacy":true}
2025-08-12T20:25:20+00:00 NOTICE Execution time 1 0.0148518 CONTEXT: {"_legacy":true}
2025-08-12T20:25:20+00:00 NOTICE Execution time 0.0185551 CONTEXT: {"_legacy":true}
2025-08-12T20:28:14+00:00 NOTICE Start search for cây hoa CONTEXT: {"_legacy":true}
2025-08-12T20:28:14+00:00 NOTICE Execution time 0 0.0093163 CONTEXT: {"_legacy":true}
2025-08-12T20:28:14+00:00 NOTICE Tokens Array
(
    [0] => cây
    [1] => hoa
)
 CONTEXT: {"_legacy":true}
2025-08-12T20:28:14+00:00 NOTICE Execution time 1 0.0174166 CONTEXT: {"_legacy":true}
2025-08-12T20:28:14+00:00 NOTICE Execution time 0.0189761 CONTEXT: {"_legacy":true}
2025-08-12T20:28:15+00:00 NOTICE Start search for cây hoa CONTEXT: {"_legacy":true}
2025-08-12T20:28:15+00:00 NOTICE Execution time 0 0.0076389 CONTEXT: {"_legacy":true}
2025-08-12T20:28:15+00:00 NOTICE Tokens Array
(
    [0] => cây
    [1] => hoa
)
 CONTEXT: {"_legacy":true}
2025-08-12T20:28:15+00:00 NOTICE Execution time 1 0.0121605 CONTEXT: {"_legacy":true}
2025-08-12T20:28:15+00:00 NOTICE Execution time 0.0136631 CONTEXT: {"_legacy":true}
2025-08-12T20:29:55+00:00 NOTICE Start search for bướm chúa CONTEXT: {"_legacy":true}
2025-08-12T20:29:55+00:00 NOTICE Execution time 0 0.0126065 CONTEXT: {"_legacy":true}
2025-08-12T20:29:55+00:00 NOTICE Tokens Array
(
    [0] => bướm
    [1] => chúa
)
 CONTEXT: {"_legacy":true}
2025-08-12T20:29:55+00:00 NOTICE Execution time 1 0.0198539 CONTEXT: {"_legacy":true}
2025-08-12T20:29:55+00:00 NOTICE Execution time 0.0226745 CONTEXT: {"_legacy":true}
2025-08-12T20:29:56+00:00 NOTICE Start search for bướm chúa CONTEXT: {"_legacy":true}
2025-08-12T20:29:56+00:00 NOTICE Execution time 0 0.0067669 CONTEXT: {"_legacy":true}
2025-08-12T20:29:56+00:00 NOTICE Tokens Array
(
    [0] => bướm
    [1] => chúa
)
 CONTEXT: {"_legacy":true}
2025-08-12T20:29:56+00:00 NOTICE Execution time 1 0.0120209 CONTEXT: {"_legacy":true}
2025-08-12T20:29:56+00:00 NOTICE Execution time 0.0133104 CONTEXT: {"_legacy":true}
2025-08-12T20:30:04+00:00 NOTICE Start search for bướm chúa ôm chậu CONTEXT: {"_legacy":true}
2025-08-12T20:30:04+00:00 NOTICE Execution time 0 0.0063847 CONTEXT: {"_legacy":true}
2025-08-12T20:30:04+00:00 NOTICE Tokens Array
(
    [0] => bướm
    [1] => chậu
    [2] => chúa
    [3] => ôm
)
 CONTEXT: {"_legacy":true}
2025-08-12T20:30:04+00:00 NOTICE Execution time 1 0.0109923 CONTEXT: {"_legacy":true}
2025-08-12T20:30:04+00:00 NOTICE Execution time 0.0129365 CONTEXT: {"_legacy":true}
2025-08-12T20:33:34+00:00 NOTICE Start search for bướm chúa CONTEXT: {"_legacy":true}
2025-08-12T20:33:34+00:00 NOTICE Execution time 0 0.0093752 CONTEXT: {"_legacy":true}
2025-08-12T20:33:34+00:00 NOTICE Tokens Array
(
    [0] => bướm
    [1] => chúa
)
 CONTEXT: {"_legacy":true}
2025-08-12T20:33:34+00:00 NOTICE Execution time 1 0.0210369 CONTEXT: {"_legacy":true}
2025-08-12T20:33:34+00:00 NOTICE Execution time 0.0252756 CONTEXT: {"_legacy":true}
2025-08-12T20:33:44+00:00 NOTICE Start search for bướm CONTEXT: {"_legacy":true}
2025-08-12T20:33:44+00:00 NOTICE Execution time 0 0.0057933 CONTEXT: {"_legacy":true}
2025-08-12T20:33:44+00:00 NOTICE Tokens Array
(
    [0] => bướm
)
 CONTEXT: {"_legacy":true}
2025-08-12T20:33:44+00:00 NOTICE Execution time 1 0.0133287 CONTEXT: {"_legacy":true}
2025-08-12T20:33:44+00:00 NOTICE Execution time 0.0158097 CONTEXT: {"_legacy":true}
2025-08-12T20:33:45+00:00 NOTICE Start search for bướm CONTEXT: {"_legacy":true}
2025-08-12T20:33:45+00:00 NOTICE Execution time 0 0.0073872 CONTEXT: {"_legacy":true}
2025-08-12T20:33:45+00:00 NOTICE Tokens Array
(
    [0] => bướm
)
 CONTEXT: {"_legacy":true}
2025-08-12T20:33:45+00:00 NOTICE Execution time 1 0.0193402 CONTEXT: {"_legacy":true}
2025-08-12T20:33:45+00:00 NOTICE Execution time 0.0234805 CONTEXT: {"_legacy":true}
2025-08-12T20:33:50+00:00 NOTICE Start search for bướm CONTEXT: {"_legacy":true}
2025-08-12T20:33:50+00:00 NOTICE Execution time 0 0.009465 CONTEXT: {"_legacy":true}
2025-08-12T20:33:50+00:00 NOTICE Tokens Array
(
    [0] => bướm
)
 CONTEXT: {"_legacy":true}
2025-08-12T20:33:50+00:00 NOTICE Execution time 1 0.0191456 CONTEXT: {"_legacy":true}
2025-08-12T20:33:50+00:00 NOTICE Execution time 0.0220676 CONTEXT: {"_legacy":true}
2025-08-12T20:33:59+00:00 NOTICE Start search for chậu CONTEXT: {"_legacy":true}
2025-08-12T20:33:59+00:00 NOTICE Execution time 0 0.0081876 CONTEXT: {"_legacy":true}
2025-08-12T20:33:59+00:00 NOTICE Tokens Array
(
    [0] => chậu
)
 CONTEXT: {"_legacy":true}
2025-08-12T20:33:59+00:00 NOTICE Execution time 1 0.0194182 CONTEXT: {"_legacy":true}
2025-08-12T20:33:59+00:00 NOTICE Execution time 0.0228056 CONTEXT: {"_legacy":true}
2025-08-12T20:34:14+00:00 NOTICE Start search for hoa CONTEXT: {"_legacy":true}
2025-08-12T20:34:14+00:00 NOTICE Execution time 0 0.0055945 CONTEXT: {"_legacy":true}
2025-08-12T20:34:14+00:00 NOTICE Tokens Array
(
    [0] => hoa
)
 CONTEXT: {"_legacy":true}
2025-08-12T20:34:14+00:00 NOTICE Execution time 1 0.0130843 CONTEXT: {"_legacy":true}
2025-08-12T20:34:14+00:00 NOTICE Execution time 0.0175229 CONTEXT: {"_legacy":true}
2025-08-12T20:34:20+00:00 NOTICE Start search for hóa CONTEXT: {"_legacy":true}
2025-08-12T20:34:20+00:00 NOTICE Execution time 0 0.0058133 CONTEXT: {"_legacy":true}
2025-08-12T20:34:20+00:00 NOTICE Tokens Array
(
    [0] => hóa
)
 CONTEXT: {"_legacy":true}
2025-08-12T20:34:20+00:00 NOTICE Execution time 1 0.0125416 CONTEXT: {"_legacy":true}
2025-08-12T20:34:20+00:00 NOTICE Execution time 0.0145728 CONTEXT: {"_legacy":true}
2025-08-12T20:34:23+00:00 NOTICE Start search for hoa CONTEXT: {"_legacy":true}
2025-08-12T20:34:23+00:00 NOTICE Execution time 0 0.0081787 CONTEXT: {"_legacy":true}
2025-08-12T20:34:23+00:00 NOTICE Tokens Array
(
    [0] => hoa
)
 CONTEXT: {"_legacy":true}
2025-08-12T20:34:23+00:00 NOTICE Execution time 1 0.0157977 CONTEXT: {"_legacy":true}
2025-08-12T20:34:23+00:00 NOTICE Execution time 0.018974 CONTEXT: {"_legacy":true}
2025-08-12T20:36:52+00:00 NOTICE Start search for cây CONTEXT: {"_legacy":true}
2025-08-12T20:36:52+00:00 NOTICE Execution time 0 0.0039627 CONTEXT: {"_legacy":true}
2025-08-12T20:36:52+00:00 NOTICE Tokens Array
(
    [0] => cây
)
 CONTEXT: {"_legacy":true}
2025-08-12T20:36:52+00:00 NOTICE Execution time 1 0.1922657 CONTEXT: {"_legacy":true}
2025-08-12T20:36:52+00:00 NOTICE Execution time 0.2190188 CONTEXT: {"_legacy":true}
2025-08-12T20:36:59+00:00 NOTICE Start search for cây CONTEXT: {"_legacy":true}
2025-08-12T20:36:59+00:00 NOTICE Execution time 0 0.0084234 CONTEXT: {"_legacy":true}
2025-08-12T20:36:59+00:00 NOTICE Tokens Array
(
    [0] => cây
)
 CONTEXT: {"_legacy":true}
2025-08-12T20:36:59+00:00 NOTICE Execution time 1 0.1919308 CONTEXT: {"_legacy":true}
2025-08-12T20:36:59+00:00 NOTICE Execution time 0.2165626 CONTEXT: {"_legacy":true}
2025-08-12T20:43:11+00:00 NOTICE Start search for cây CONTEXT: {"_legacy":true}
2025-08-12T20:43:11+00:00 NOTICE Execution time 0 0.0055333 CONTEXT: {"_legacy":true}
2025-08-12T20:43:11+00:00 NOTICE Tokens Array
(
    [0] => cây
)
 CONTEXT: {"_legacy":true}
2025-08-12T20:43:12+00:00 NOTICE Execution time 1 0.1896885 CONTEXT: {"_legacy":true}
2025-08-12T20:43:12+00:00 NOTICE Execution time 0.2296613 CONTEXT: {"_legacy":true}
2025-08-12T20:45:44+00:00 NOTICE Start search for cây CONTEXT: {"_legacy":true}
2025-08-12T20:45:44+00:00 NOTICE Execution time 0 0.0070329 CONTEXT: {"_legacy":true}
2025-08-12T20:45:44+00:00 NOTICE Tokens Array
(
    [0] => cây
)
 CONTEXT: {"_legacy":true}
2025-08-12T20:45:44+00:00 NOTICE Execution time 1 0.1354481 CONTEXT: {"_legacy":true}
2025-08-12T20:45:44+00:00 NOTICE Execution time 0.1658242 CONTEXT: {"_legacy":true}
2025-08-12T20:48:31+00:00 NOTICE Start search for cây CONTEXT: {"_legacy":true}
2025-08-12T20:48:31+00:00 NOTICE Execution time 0 0.0045973 CONTEXT: {"_legacy":true}
2025-08-12T20:48:31+00:00 NOTICE Tokens Array
(
    [0] => cây
)
 CONTEXT: {"_legacy":true}
2025-08-12T20:48:31+00:00 NOTICE Execution time 1 0.1004563 CONTEXT: {"_legacy":true}
2025-08-12T20:48:31+00:00 NOTICE Execution time 0.120749 CONTEXT: {"_legacy":true}
2025-08-12T23:24:57+00:00 NOTICE Start search for cây CONTEXT: {"_legacy":true}
2025-08-12T23:24:57+00:00 NOTICE Execution time 0 0.0058501 CONTEXT: {"_legacy":true}
2025-08-12T23:24:57+00:00 NOTICE Tokens Array
(
    [0] => cây
)
 CONTEXT: {"_legacy":true}
2025-08-12T23:24:57+00:00 NOTICE Execution time 1 0.1363343 CONTEXT: {"_legacy":true}
2025-08-12T23:24:57+00:00 NOTICE Execution time 0.1630631 CONTEXT: {"_legacy":true}
2025-08-12T23:30:27+00:00 NOTICE Start search for con CONTEXT: {"_legacy":true}
2025-08-12T23:30:27+00:00 NOTICE Execution time 0 0.0075166 CONTEXT: {"_legacy":true}
2025-08-12T23:30:27+00:00 NOTICE Tokens Array
(
    [0] => con
)
 CONTEXT: {"_legacy":true}
2025-08-12T23:30:27+00:00 NOTICE Execution time 1 0.0472269 CONTEXT: {"_legacy":true}
2025-08-12T23:30:27+00:00 NOTICE Execution time 0.0675621 CONTEXT: {"_legacy":true}
2025-08-12T23:30:48+00:00 NOTICE Start search for con CONTEXT: {"_legacy":true}
2025-08-12T23:30:48+00:00 NOTICE Execution time 0 0.0047716 CONTEXT: {"_legacy":true}
2025-08-12T23:30:48+00:00 NOTICE Tokens Array
(
    [0] => con
)
 CONTEXT: {"_legacy":true}
2025-08-12T23:30:48+00:00 NOTICE Execution time 1 0.0506908 CONTEXT: {"_legacy":true}
2025-08-12T23:30:48+00:00 NOTICE Execution time 0.0855332 CONTEXT: {"_legacy":true}
2025-08-12T23:30:58+00:00 NOTICE Start search for con CONTEXT: {"_legacy":true}
2025-08-12T23:30:58+00:00 NOTICE Execution time 0 0.008622 CONTEXT: {"_legacy":true}
2025-08-12T23:30:58+00:00 NOTICE Tokens Array
(
    [0] => con
)
 CONTEXT: {"_legacy":true}
2025-08-12T23:30:58+00:00 NOTICE Execution time 1 0.0376519 CONTEXT: {"_legacy":true}
2025-08-12T23:30:58+00:00 NOTICE Execution time 0.0670433 CONTEXT: {"_legacy":true}
2025-08-12T23:31:04+00:00 NOTICE Start search for con CONTEXT: {"_legacy":true}
2025-08-12T23:31:04+00:00 NOTICE Execution time 0 0.007098 CONTEXT: {"_legacy":true}
2025-08-12T23:31:04+00:00 NOTICE Tokens Array
(
    [0] => con
)
 CONTEXT: {"_legacy":true}
2025-08-12T23:31:04+00:00 NOTICE Execution time 1 0.0471428 CONTEXT: {"_legacy":true}
2025-08-12T23:31:04+00:00 NOTICE Execution time 0.0786198 CONTEXT: {"_legacy":true}
2025-08-12T23:32:26+00:00 NOTICE Start search for con CONTEXT: {"_legacy":true}
2025-08-12T23:32:26+00:00 NOTICE Execution time 0 0.0074719 CONTEXT: {"_legacy":true}
2025-08-12T23:32:26+00:00 NOTICE Tokens Array
(
    [0] => con
)
 CONTEXT: {"_legacy":true}
2025-08-12T23:32:26+00:00 NOTICE Execution time 1 0.0499508 CONTEXT: {"_legacy":true}
2025-08-12T23:32:26+00:00 NOTICE Execution time 0.0836334 CONTEXT: {"_legacy":true}
2025-08-12T23:32:32+00:00 NOTICE Start search for con CONTEXT: {"_legacy":true}
2025-08-12T23:32:32+00:00 NOTICE Execution time 0 0.00734 CONTEXT: {"_legacy":true}
2025-08-12T23:32:32+00:00 NOTICE Tokens Array
(
    [0] => con
)
 CONTEXT: {"_legacy":true}
2025-08-12T23:32:33+00:00 NOTICE Execution time 1 0.0525456 CONTEXT: {"_legacy":true}
2025-08-12T23:32:33+00:00 NOTICE Execution time 0.0868907 CONTEXT: {"_legacy":true}
2025-08-12T23:32:45+00:00 NOTICE Start search for con CONTEXT: {"_legacy":true}
2025-08-12T23:32:45+00:00 NOTICE Execution time 0 0.0074953 CONTEXT: {"_legacy":true}
2025-08-12T23:32:45+00:00 NOTICE Tokens Array
(
    [0] => con
)
 CONTEXT: {"_legacy":true}
2025-08-12T23:32:45+00:00 NOTICE Execution time 1 0.0435709 CONTEXT: {"_legacy":true}
2025-08-12T23:32:45+00:00 NOTICE Execution time 0.0709255 CONTEXT: {"_legacy":true}
2025-08-12T23:32:50+00:00 NOTICE Start search for con CONTEXT: {"_legacy":true}
2025-08-12T23:32:50+00:00 NOTICE Execution time 0 0.00683 CONTEXT: {"_legacy":true}
2025-08-12T23:32:50+00:00 NOTICE Tokens Array
(
    [0] => con
)
 CONTEXT: {"_legacy":true}
2025-08-12T23:32:50+00:00 NOTICE Execution time 1 0.0378516 CONTEXT: {"_legacy":true}
2025-08-12T23:32:50+00:00 NOTICE Execution time 0.072231 CONTEXT: {"_legacy":true}
2025-08-12T23:34:20+00:00 NOTICE Start search for cây CONTEXT: {"_legacy":true}
2025-08-12T23:34:20+00:00 NOTICE Execution time 0 0.0121476 CONTEXT: {"_legacy":true}
2025-08-12T23:34:20+00:00 NOTICE Tokens Array
(
    [0] => cây
)
 CONTEXT: {"_legacy":true}
2025-08-12T23:34:20+00:00 NOTICE Execution time 1 0.1720732 CONTEXT: {"_legacy":true}
2025-08-12T23:34:20+00:00 NOTICE Execution time 0.2055427 CONTEXT: {"_legacy":true}
2025-08-12T23:36:14+00:00 NOTICE Start search for cây CONTEXT: {"_legacy":true}
2025-08-12T23:36:14+00:00 NOTICE Execution time 0 0.0063017 CONTEXT: {"_legacy":true}
2025-08-12T23:36:14+00:00 NOTICE Tokens Array
(
    [0] => cây
)
 CONTEXT: {"_legacy":true}
2025-08-12T23:36:14+00:00 NOTICE Execution time 1 0.1706296 CONTEXT: {"_legacy":true}
2025-08-12T23:36:14+00:00 NOTICE Execution time 0.2067861 CONTEXT: {"_legacy":true}
2025-08-12T23:38:45+00:00 NOTICE Start search for cây CONTEXT: {"_legacy":true}
2025-08-12T23:38:45+00:00 NOTICE Execution time 0 0.0126864 CONTEXT: {"_legacy":true}
2025-08-12T23:38:45+00:00 NOTICE Tokens Array
(
    [0] => cây
)
 CONTEXT: {"_legacy":true}
2025-08-12T23:38:45+00:00 NOTICE Execution time 1 0.1549077 CONTEXT: {"_legacy":true}
2025-08-12T23:38:45+00:00 NOTICE Execution time 0.1965874 CONTEXT: {"_legacy":true}
2025-08-12T23:39:09+00:00 NOTICE Start search for kdsfksjfsdh CONTEXT: {"_legacy":true}
2025-08-12T23:39:09+00:00 NOTICE Execution time 0 0.0076152 CONTEXT: {"_legacy":true}
2025-08-12T23:39:09+00:00 NOTICE Tokens Array
(
    [0] => kdsfksjfsdh
)
 CONTEXT: {"_legacy":true}
2025-08-12T23:39:09+00:00 NOTICE Execution time 1 0.0127319 CONTEXT: {"_legacy":true}
2025-08-12T23:39:09+00:00 NOTICE Execution time 0.0225314 CONTEXT: {"_legacy":true}
2025-08-12T23:39:54+00:00 NOTICE Start search for no result CONTEXT: {"_legacy":true}
2025-08-12T23:39:54+00:00 NOTICE Execution time 0 0.007487 CONTEXT: {"_legacy":true}
2025-08-12T23:39:54+00:00 NOTICE Tokens Array
(
    [0] => result
    [1] => no
)
 CONTEXT: {"_legacy":true}
2025-08-12T23:39:54+00:00 NOTICE Execution time 1 0.0720523 CONTEXT: {"_legacy":true}
2025-08-12T23:39:54+00:00 NOTICE Execution time 0.1197375 CONTEXT: {"_legacy":true}
2025-08-12T23:39:58+00:00 NOTICE Start search for no CONTEXT: {"_legacy":true}
2025-08-12T23:39:58+00:00 NOTICE Execution time 0 0.0072128 CONTEXT: {"_legacy":true}
2025-08-12T23:39:58+00:00 NOTICE Tokens Array
(
    [0] => no
)
 CONTEXT: {"_legacy":true}
2025-08-12T23:39:58+00:00 NOTICE Execution time 1 0.0651013 CONTEXT: {"_legacy":true}
2025-08-12T23:39:59+00:00 NOTICE Execution time 0.1170547 CONTEXT: {"_legacy":true}
2025-08-12T23:40:06+00:00 NOTICE Start search for no results CONTEXT: {"_legacy":true}
2025-08-12T23:40:06+00:00 NOTICE Execution time 0 0.0059798 CONTEXT: {"_legacy":true}
2025-08-12T23:40:06+00:00 NOTICE Tokens Array
(
    [0] => results
    [1] => no
)
 CONTEXT: {"_legacy":true}
2025-08-12T23:40:06+00:00 NOTICE Execution time 1 0.0420131 CONTEXT: {"_legacy":true}
2025-08-12T23:40:06+00:00 NOTICE Execution time 0.0785823 CONTEXT: {"_legacy":true}
2025-08-12T23:40:39+00:00 NOTICE Start search for no ré CONTEXT: {"_legacy":true}
2025-08-12T23:40:39+00:00 NOTICE Execution time 0 0.0061281 CONTEXT: {"_legacy":true}
2025-08-12T23:40:39+00:00 NOTICE Tokens Array
(
    [0] => ré
    [1] => no
)
 CONTEXT: {"_legacy":true}
2025-08-12T23:40:39+00:00 NOTICE Execution time 1 0.1059298 CONTEXT: {"_legacy":true}
2025-08-12T23:40:39+00:00 NOTICE Execution time 0.1504269 CONTEXT: {"_legacy":true}
2025-08-12T23:40:40+00:00 NOTICE Start search for cây CONTEXT: {"_legacy":true}
2025-08-12T23:40:40+00:00 NOTICE Execution time 0 0.0053199 CONTEXT: {"_legacy":true}
2025-08-12T23:40:40+00:00 NOTICE Tokens Array
(
    [0] => cây
)
 CONTEXT: {"_legacy":true}
2025-08-12T23:40:40+00:00 NOTICE Execution time 1 0.140121 CONTEXT: {"_legacy":true}
2025-08-12T23:40:40+00:00 NOTICE Execution time 0.1683938 CONTEXT: {"_legacy":true}
2025-08-12T23:40:48+00:00 NOTICE Start search for no results CONTEXT: {"_legacy":true}
2025-08-12T23:40:48+00:00 NOTICE Execution time 0 0.0067149 CONTEXT: {"_legacy":true}
2025-08-12T23:40:48+00:00 NOTICE Tokens Array
(
    [0] => results
    [1] => no
)
 CONTEXT: {"_legacy":true}
2025-08-12T23:40:48+00:00 NOTICE Execution time 1 0.0534297 CONTEXT: {"_legacy":true}
2025-08-12T23:40:48+00:00 NOTICE Execution time 0.1005388 CONTEXT: {"_legacy":true}
2025-08-12T23:41:21+00:00 NOTICE Start search for cây CONTEXT: {"_legacy":true}
2025-08-12T23:41:21+00:00 NOTICE Execution time 0 0.0047014 CONTEXT: {"_legacy":true}
2025-08-12T23:41:21+00:00 NOTICE Tokens Array
(
    [0] => cây
)
 CONTEXT: {"_legacy":true}
2025-08-12T23:41:21+00:00 NOTICE Execution time 1 0.124573 CONTEXT: {"_legacy":true}
2025-08-12T23:41:21+00:00 NOTICE Execution time 0.1619072 CONTEXT: {"_legacy":true}
2025-08-12T23:41:25+00:00 NOTICE Start search for fgsjdhgsdg CONTEXT: {"_legacy":true}
2025-08-12T23:41:25+00:00 NOTICE Execution time 0 0.0078633 CONTEXT: {"_legacy":true}
2025-08-12T23:41:25+00:00 NOTICE Tokens Array
(
    [0] => fgsjdhgsdg
)
 CONTEXT: {"_legacy":true}
2025-08-12T23:41:25+00:00 NOTICE Execution time 1 0.0127442 CONTEXT: {"_legacy":true}
2025-08-12T23:41:25+00:00 NOTICE Execution time 0.0175862 CONTEXT: {"_legacy":true}
2025-08-12T23:50:14+00:00 NOTICE Start search for cái quần CONTEXT: {"_legacy":true}
2025-08-12T23:50:14+00:00 NOTICE Execution time 0 0.0065394 CONTEXT: {"_legacy":true}
2025-08-12T23:50:14+00:00 NOTICE Tokens Array
(
    [0] => quần
    [1] => cái
)
 CONTEXT: {"_legacy":true}
2025-08-12T23:50:14+00:00 NOTICE Execution time 1 0.0560433 CONTEXT: {"_legacy":true}
2025-08-12T23:50:14+00:00 NOTICE Execution time 0.0869079 CONTEXT: {"_legacy":true}
2025-08-12T23:50:22+00:00 NOTICE Start search for cái CONTEXT: {"_legacy":true}
2025-08-12T23:50:22+00:00 NOTICE Execution time 0 0.0037121 CONTEXT: {"_legacy":true}
2025-08-12T23:50:22+00:00 NOTICE Tokens Array
(
    [0] => cái
)
 CONTEXT: {"_legacy":true}
2025-08-12T23:50:22+00:00 NOTICE Execution time 1 0.0133188 CONTEXT: {"_legacy":true}
2025-08-12T23:50:22+00:00 NOTICE Execution time 0.0196043 CONTEXT: {"_legacy":true}
